__strtold_nan
__errno_location
_ITM_deregisterTMCloneTable
errno
qsort
__strtod_nan
__assert_fail
fputs
__gmon_start__
_rtld_global_ro
__strtof_nan
_Jv_RegisterClasses
fwrite
_ITM_registerTMCloneTable
GLIBC_2.2.5
stderr
__ctype_toupper_loc
inet_ntop
getenv
raise
free
putchar
pthread_create
pthread_sigmask
strcasecmp
backtrace_symbols_fd
abort
__errno_location
fdatasync
ldexp
unlink
round
strncpy
strncmp
_ITM_deregisterTMCloneTable
localtime_r
_exit
strcpy
secure_getenv
pthread_cond_broadcast
llroundl
sendmsg
puts
ferror
qsort
pthread_cancel
isatty
sigaction
fread
strtod
vsnprintf
setsockopt
exp
localeconv
__xpg_strerror_r
readlink
fcntl
setenv
write
getpid
pthread_cond_wait
atan
roundf
getpeername
fclose
wait3
clearenv
strlen
backtrace
chdir
pthread_mutexattr_destroy
mmap
pthread_setcancelstate
dup2
strchr
printf
rewind
_IO_putc
pthread_setspecific
sync_file_range
snprintf
pthread_mutexattr_init
modf
nanosleep
gai_strerror
strrchr
uname
setrlimit64
dladdr
gettimeofday
__assert_fail
fputs
memset
freopen
pow
ioctl
sincos
getcwd
log
strncat
close
pipe
setsid
fmod
sched_setaffinity
cos
fputc
epoll_ctl
__register_atfork
__strdup
strcspn
sched_yield
memchr
ftello64
acos
read
__libc_start_main
srand
memcmp
pthread_attr_init
sbrk
fgets
pthread_cond_signal
getsockopt
frexp
_setjmp
pthread_attr_getstacksize
execve
strtoull
calloc
__fxstat64
strcmp
signal
strtoll
log10
fprintf
syscall
sigemptyset
feof
__gmon_start__
fopen64
strtol
memcpy
sigfillset
inet_pton
cosh
tzset
kill
pthread_setname_np
time
fileno
pthread_cond_init
getrlimit64
dlopen
strerror_r
sinh
random
pthread_mutex_unlock
__rawmemchr
pthread_mutexattr_settype
malloc
strncasecmp
fflush
_IO_getc
ctime_r
tan
ungetc
syslog
listen
sscanf
clock_gettime
strcoll
atan2
strpbrk
truncate64
fseek
dlclose
pthread_attr_setstacksize
realloc
setitimer
munmap
setlocale
ftruncate64
pthread_key_create
epoll_wait
poll
chmod
bind
madvise
longjmp
open64
strftime
memmove
strtold
fsync
pthread_self
pthread_cond_timedwait
open
access
fopen
getrusage
perror
sysconf
pthread_join
_Jv_RegisterClasses
rename
vfprintf
unsetenv
pthread_setcanceltype
accept
getsockname
sin
strtoul
sched_getcpu
floor
flock
__cxa_atexit
strcat
openlog
creat
tanh
asin
epoll_create
sprintf
exit
connect
fwrite
lseek64
_ITM_registerTMCloneTable
sqrt
getaddrinfo
strerror
dlsym
ceil
sleep
pthread_mutex_init
GLIBC_2.2.5
sigaddset
fork
strstr
pthread_mutex_lock
pthread_mutex_trylock
rand
dlerror
__ctype_tolower_loc
__ctype_b_loc
usleep
freeaddrinfo
socket
__recv
free
__libc_pwrite
pthread_create
pthread_sigmask
pthread_detach
fdatasync
unlink
_ITM_deregisterTMCloneTable
errno
__libc_fatal
pthread_cancel
pthread_setschedparam
fcntl
write
__mempcpy
getpid
pthread_once
strlen
getuid
strchr
__gettimeofday
__assert_fail
__libc_pread
__clock_nanosleep
__register_atfork
__pthread_barrier_init
__pthread_unwind
read
pthread_attr_init
pthread_cond_signal
__pthread_get_minstack
calloc
sigemptyset
__gmon_start__
sigfillset
__clock_getres
__clock_gettime
pthread_getschedparam
pthread_attr_setdetachstate
__libc_dlopen_mode
pthread_mutex_unlock
pthread_exit
malloc
__pthread_barrier_wait
pthread_attr_setstacksize
realloc
__libc_dlsym
fsync
pthread_self
pthread_cond_timedwait
open
_Jv_RegisterClasses
pthread_attr_destroy
__socket
__shm_directory
_ITM_registerTMCloneTable
__fortify_fail
__clock_getcpuclockid
GLIBC_2.2.5
pthread_mutex_lock
__clock_settime
__tsearch
__clone
free
__getrlimit
abort
unlink
_ITM_deregisterTMCloneTable
_exit
__sched_getscheduler
__libc_dlclose
errno
__libc_fatal
__statfs
__sched_get_priority_max
__mempcpy
__resp
getpid
fclose
strlen
__getpid
__libc_system
getuid
mmap
strchr
__gettimeofday
__assert_fail
memset
__libc_fork
__register_atfork
sched_yield
_dl_deallocate_tls
__call_tls_dtors
__sched_getparam
_setjmp
calloc
__getdelim
__getmntent_r
__fxstat64
__libc_stack_end
strcmp
__libc_thread_freeres
__endmntent
memcpy
_rtld_global_ro
prctl
__libc_current_sigrtmax_private
__tdelete
__sched_setscheduler
__libc_dlopen_mode
__getpagesize
malloc
sched_get_priority_min
_dl_make_stack_executable
__libc_pthread_init
__ctype_init
sscanf
realloc
__libc_dlsym
__tfind
munmap
__libc_current_sigrtmin_private
__libc_vfork
__madvise
__libc_dl_error_tsd
mprotect
__h_errno
fopen
__mktemp
_Jv_RegisterClasses
__twalk
_dl_allocate_tls
__setmntent
sched_setparam
_dl_get_tls_static_info
sprintf
link
exit
sched_get_priority_max
getrlimit
_ITM_registerTMCloneTable
__libc_alloca_cutoff
_dl_allocate_tls_init
_rtld_global
__libc_allocate_rtsig_private
__libc_longjmp
GLIBC_2.2.5
__sched_get_priority_min
endgrent
__uflow
getenv
__snprintf_chk
free
putchar
endmntent
is_selinux_enabled
localtime
__vfprintf_chk
abort
re_match
__errno_location
strncpy
strncmp
_ITM_deregisterTMCloneTable
localtime_r
_exit
strcpy
__fpending
unlinkat
ferror
lsetfilecon
qsort
isatty
iswcntrl
strtod
localeconv
faccessat
fcntl
clock_gettime
setenv
textdomain
fclose
opendir
getpwuid
ctime
bindtextdomain
dcgettext
__ctype_get_mb_cur_max
strlen
__lxstat
openat
chdir
__stack_chk_fail
mbrtowc
strchr
difftime
_IO_putc
getgrgid
__fxstatat
modf
strrchr
fgetfilecon
uname
lseek
gettimeofday
__assert_fail
fputs
__strtoul_internal
fnmatch
__strtok_r
memset
fscanf
__poll_chk
strnlen
getcwd
close
strspn
closedir
fputc
__strdup
memchr
__libc_start_main
memcmp
calloc
lgetfilecon
__getdelim
strcmp
signal
readlinkat
dirfd
getpwnam
__strndup
__memcpy_chk
rpmatch
__gmon_start__
strtol
memcpy
getgrnam
getfilecon
tzset
time
fileno
__stpcpy_chk
__xstat
readdir
wcwidth
re_set_syntax
malloc
fflush
getmntent
setmntent
nl_langinfo
ungetc
__fxstat
endpwent
sscanf
strpbrk
__freading
fchdir
setfilecon
realloc
fdopen
setlocale
__printf_chk
strftime
memmove
error
memrchr
waitpid
open
access
fseeko
fopen
sysconf
_Jv_RegisterClasses
fdopendir
unsetenv
strtoul
fstatfs
execvp
__cxa_atexit
strcat
freecon
sprintf
exit
fwrite
__fprintf_chk
getrlimit
_ITM_registerTMCloneTable
re_compile_pattern
mbsinit
iswprint
hasmntopt
GLIBC_2.2.5
fork
strstr
__ctype_b_loc
__sprintf_chk
__asprintf
free
__pthread_key_create
_ITM_deregisterTMCloneTable
__pthread_getspecific
strcpy
GLIBC_2.2.5
calloc
__dcgettext
__gmon_start__
GLIBC_2.2.5
_rtld_global_ro
_dl_vsym
__pthread_once
_dl_addr
_libc_intl_domainname
_dl_sym
_Jv_RegisterClasses
_dl_rtld_di_serinfo
__environ
_ITM_registerTMCloneTable
__pthread_setspecific
strerror
_rtld_global
GLIBC_2.2.5
__ctype_toupper_loc
free
strncmp
_ITM_deregisterTMCloneTable
strlen
__stack_chk_fail
mmap
strchr
memset
memcmp
strcmp
__memcpy_chk
__gmon_start__
memcpy
pthread_mutex_unlock
malloc
munmap
madvise
memmove
sysconf
_Jv_RegisterClasses
_ITM_registerTMCloneTable
GLIBC_2.2.5
pthread_mutex_lock
__ctype_tolower_loc
__ctype_b_loc
sigprocmask
raise
free
strcasecmp
abort
__errno_location
_ITM_deregisterTMCloneTable
_exit
strcpy
qsort
isatty
sigaction
strtod
strchrnul
faccessat
fcntl
write
getpid
__strtol_internal
__xstat64
wait3
opendir
stpcpy
strlen
chdir
__stack_chk_fail
dup2
strchr
warnx
__strtoul_internal
fnmatch
geteuid
getcwd
close
pipe
strspn
closedir
__strdup
strcspn
read
__libc_start_main
memcmp
_setjmp
execve
__fxstat64
strcmp
signal
getpwnam
__gmon_start__
umask
strtol
sigfillset
memcpy
kill
tcgetpgrp
__xstat
readdir
malloc
killpg
getegid
strpbrk
sigsuspend
__vsnprintf_chk
setrlimit
strsignal
realloc
sigsetmask
__longjmp_chk
open64
mempcpy
memmove
getpgrp
tcsetpgrp
open
times
strtok
sysconf
_Jv_RegisterClasses
__lxstat64
setpgid
getppid
getrlimit
_ITM_registerTMCloneTable
strerror
GLIBC_2.2.5
fork
strstr
__ctype_b_loc
__snprintf_chk
free
__vfprintf_chk
strverscmp
abort
__errno_location
unlink
strncpy
strncmp
_ITM_deregisterTMCloneTable
stdout
strcpy
sendmsg
puts
qsort
fts_set
fread
fsetxattr
stdin
umount
fcntl
write
umount2
__open_2
pcre_version
fclose
lgetxattr
opendir
stpcpy
strlen
mount
__lxstat
__stack_chk_fail
mmap
fts_close
strchr
rewind
snprintf
strrchr
fts_read
uname
dirname
__assert_fail
pcre_exec
fnmatch
__strtok_r
memset
scandir
close
__realpath_chk
closedir
fputc
__strdup
alphasort
sched_yield
read
memcmp
fgets
__tls_get_addr
getsockopt
execve
__asprintf_chk
calloc
__getdelim
strcmp
pcre_fullinfo
fts_open
__strndup
pthread_key_create
syscall
__gmon_start__
strtol
realpath
memcpy
__xpg_basename
fileno
statfs
__xstat
readdir
pthread_once
dlopen
fgets_unlocked
pcre_compile
malloc
strncasecmp
fflush
__fsetlocking
__fxstat
recvfrom
sscanf
lsetxattr
pthread_setspecific
mkstemp
fgetxattr
statvfs
dlclose
realloc
__strcpy_chk
pcre_free_study
getpwnam_r
munmap
__printf_chk
pthread_key_delete
fchmod
poll
bind
readv
__syslog_chk
removexattr
getgrouplist
pcre_study
open
access
fopen
perror
strtok
sysconf
_Jv_RegisterClasses
rename
__lxstat64
getgrnam_r
getxattr
connect
fwrite
__fprintf_chk
setxattr
_ITM_registerTMCloneTable
strerror
dlsym
pcre_free
GLIBC_2.2.5
strstr
dlerror
__ctype_b_loc
stderr
__sprintf_chk
socket
__ctype_toupper_loc
__uflow
getenv
free
strcasecmp
__vfprintf_chk
abort
re_match
__errno_location
strncmp
isdigit
_ITM_deregisterTMCloneTable
splice
_exit
strcpy
__fpending
islower
iconv
qsort
isatty
iswcntrl
fcntl
fread_unlocked
textdomain
iscntrl
__strtol_internal
fclose
bindtextdomain
stpcpy
dcgettext
regfree
__ctype_get_mb_cur_max
strlen
__lxstat
openat
__stack_chk_fail
getopt_long
mbrtowc
strchr
isalnum
isblank
__fxstatat
__overflow
strrchr
lseek
__assert_fail
fputs
pcre_exec
fnmatch
memset
fscanf
strnlen
close
ispunct
closedir
isspace
regcomp
__strdup
memchr
read
__libc_start_main
memcmp
fputs_unlocked
calloc
strcmp
dirfd
__gmon_start__
memcpy
__xstat
readdir
dlopen
wcwidth
re_set_syntax
iswalnum
pcre_jit_stack_alloc
malloc
wcrtomb
nl_langinfo
ungetc
__fxstat
regexec
re_search
fchdir
fwrite_unlocked
realloc
isalpha
isupper
fdopen
setlocale
__printf_chk
iconv_close
isprint
iswspace
mempcpy
memmove
error
memrchr
open
fopen
sysconf
_Jv_RegisterClasses
towlower
wctob
fdopendir
towupper
fstatfs
__cxa_atexit
exit
isxdigit
__fprintf_chk
_ITM_registerTMCloneTable
re_compile_pattern
fflush_unlocked
mbsinit
dlsym
iswprint
pcre_assign_jit_stack
GLIBC_2.2.5
isgraph
strstr
__ctype_tolower_loc
__ctype_b_loc
iconv_open
pcre_jit_stack_free
__sprintf_chk
endgrent
__uflow
getenv
free
is_selinux_enabled
abort
__errno_location
strncmp
_ITM_deregisterTMCloneTable
_exit
__fpending
textdomain
fclose
getpwuid
bindtextdomain
dcgettext
__ctype_get_mb_cur_max
strlen
__stack_chk_fail
getuid
getopt_long
mbrtowc
strchr
getgrgid
__overflow
strrchr
lseek
__assert_fail
memset
geteuid
fscanf
close
getcon
__libc_start_main
memcmp
fputs_unlocked
calloc
strcmp
getpwnam
__gmon_start__
memcpy
getgrnam
fileno
getgid
getgroups
malloc
fflush
nl_langinfo
ungetc
endpwent
getegid
__freading
realloc
fdopen
setlocale
__printf_chk
error
getgrouplist
open
fseeko
sysconf
_Jv_RegisterClasses
strtoul
__cxa_atexit
exit
fwrite
__fprintf_chk
_ITM_registerTMCloneTable
mbsinit
iswprint
GLIBC_2.2.5
__ctype_b_loc
_rtld_global
__libc_enable_secure
__tls_get_addr
_rtld_global_ro
_dl_find_dso_for_object
_dl_starting_up
_dl_argv
__ctype_toupper_loc
__uflow
getenv
free
is_selinux_enabled
__vfprintf_chk
strverscmp
abort
__errno_location
unlink
strncmp
isdigit
_ITM_deregisterTMCloneTable
strcpy
islower
isatty
readlink
clearerr_unlocked
fread_unlocked
textdomain
iscntrl
fclose
bindtextdomain
dcgettext
__ctype_get_mb_cur_max
strlen
__lxstat
__stack_chk_fail
getopt_long
mbrtowc
strchr
rewind
isalnum
isblank
pclose
__overflow
strrchr
fgetfilecon
mkostemp
__assert_fail
memset
fscanf
__fwriting
close
ispunct
isspace
memchr
__libc_start_main
memcmp
fputs_unlocked
calloc
lgetfilecon
strcmp
ftell
__gmon_start__
umask
strtol
memcpy
getfilecon
fileno
setfscreatecon
re_set_syntax
malloc
wcrtomb
nl_langinfo
ungetc
__fxstat
re_search
fwrite_unlocked
realloc
isalpha
isupper
fdopen
setlocale
__printf_chk
fchmod
setvbuf
isprint
chmod
btowc
memmove
error
memrchr
open
popen
fchown
fopen
dcngettext
_Jv_RegisterClasses
towlower
wctob
rename
towupper
__cxa_atexit
freecon
exit
isxdigit
fwrite
__fprintf_chk
_ITM_registerTMCloneTable
re_compile_pattern
fflush_unlocked
getfscreatecon
mbsinit
strerror
iswprint
GLIBC_2.2.5
isgraph
getdelim
strstr
__ctype_b_loc
__sprintf_chk
