_rtld_global
__libc_enable_secure
__tls_get_addr
_rtld_global_ro
_dl_find_dso_for_object
_dl_starting_up
_dl_argv
__asprintf
free
__pthread_key_create
_ITM_deregisterTMCloneTable
__pthread_getspecific
strcpy
GLIBC_2.2.5
calloc
__dcgettext
__gmon_start__
GLIBC_2.2.5
_rtld_global_ro
_dl_vsym
__pthread_once
_dl_addr
_libc_intl_domainname
_dl_sym
_Jv_RegisterClasses
_dl_rtld_di_serinfo
__environ
_ITM_registerTMCloneTable
__pthread_setspecific
strerror
_rtld_global
GLIBC_2.2.5
free
strncpy
_ITM_deregisterTMCloneTable
errno
ferror
fread
__pthread_mutex_unlock
__stpncpy
strlen
snprintf
memset
strcspn
__pthread_mutex_lock
__gmon_start__
strtol
memcpy
malloc
realloc
_Jv_RegisterClasses
strtoul
_ITM_registerTMCloneTable
__libc_alloca_cutoff
GLIBC_2.2.5
free
strncpy
_ITM_deregisterTMCloneTable
errno
ferror
fread
__pthread_mutex_unlock
__stpncpy
strlen
snprintf
memset
strcspn
__pthread_mutex_lock
__gmon_start__
strtol
memcpy
malloc
realloc
_Jv_RegisterClasses
strtoul
_ITM_registerTMCloneTable
__libc_alloca_cutoff
GLIBC_2.2.5
free
strncpy
_nss_files_parse_protoent
_ITM_deregisterTMCloneTable
strcpy
errno
__pthread_mutex_unlock
__mempcpy
__resp
inet_ntoa
_nss_files_parse_netent
_nss_files_parse_pwent
strlen
strchr
_nsl_default_nss
yp_next
snprintf
__assert_fail
_nss_netgroup_parseline
yp_first
memcmp
xdecrypt
__pthread_mutex_lock
strcmp
__gmon_start__
memcpy
yp_get_default_domain
inet_pton
__stpcpy
__rawmemchr
malloc
yp_all
syslog
strpbrk
realloc
getpwnam_r
_nss_files_parse_etherent
_nss_files_parse_rpcent
sysconf
_Jv_RegisterClasses
strtoul
yp_match
sprintf
_nss_files_parse_servent
_ITM_registerTMCloneTable
__libc_alloca_cutoff
_nss_files_parse_spent
GLIBC_2.2.5
_nss_files_parse_grent
__ctype_tolower_loc
__ctype_b_loc
free
_ITM_deregisterTMCloneTable
strcpy
errno
__internal_getnetgrent_r
__pthread_mutex_unlock
__libc_scratch_buffer_grow
_nss_files_parse_pwent
fclose
strlen
__nss_database_lookup
fgetpos
rewind
__strdup
__pthread_mutex_lock
strcmp
__gmon_start__
memcpy
yp_get_default_domain
__internal_endnetgrent
__internal_setnetgrent
__stpcpy
__nss_lookup_function
fgets_unlocked
malloc
realloc
fopen
_Jv_RegisterClasses
fsetpos
_ITM_registerTMCloneTable
__libc_alloca_cutoff
innetgr
_nss_files_parse_spent
GLIBC_2.2.5
_nss_files_parse_grent
strstr
__ctype_b_loc
__tsearch
__clone
free
__getrlimit
abort
unlink
_ITM_deregisterTMCloneTable
_exit
__sched_getscheduler
__libc_dlclose
errno
__libc_fatal
__statfs
__sched_get_priority_max
__mempcpy
__resp
getpid
fclose
strlen
__getpid
__libc_system
getuid
mmap
strchr
__gettimeofday
__assert_fail
memset
__libc_fork
__register_atfork
sched_yield
_dl_deallocate_tls
__call_tls_dtors
__sched_getparam
_setjmp
calloc
__getdelim
__getmntent_r
__fxstat64
__libc_stack_end
strcmp
__libc_thread_freeres
__endmntent
memcpy
_rtld_global_ro
prctl
__libc_current_sigrtmax_private
__tdelete
__sched_setscheduler
__libc_dlopen_mode
__getpagesize
malloc
sched_get_priority_min
_dl_make_stack_executable
__libc_pthread_init
__ctype_init
sscanf
realloc
__libc_dlsym
__tfind
munmap
__libc_current_sigrtmin_private
__libc_vfork
__madvise
__libc_dl_error_tsd
mprotect
__h_errno
fopen
__mktemp
_Jv_RegisterClasses
__twalk
_dl_allocate_tls
__setmntent
sched_setparam
_dl_get_tls_static_info
sprintf
link
exit
sched_get_priority_max
getrlimit
_ITM_registerTMCloneTable
__libc_alloca_cutoff
_dl_allocate_tls_init
_rtld_global
__libc_allocate_rtsig_private
__libc_longjmp
GLIBC_2.2.5
__sched_get_priority_min
__strcat_chk
getenv
free
strcasecmp
closelog
__vfprintf_chk
abort
__errno_location
mlock
strncpy
strncmp
_ITM_deregisterTMCloneTable
strcpy
secure_getenv
ferror
qsort
sigaction
fread
stdin
setsockopt
__xpg_strerror_r
write
getpid
pthread_rwlock_init
pthread_once
fclose
opendir
shutdown
strlen
__stack_chk_fail
getuid
mmap
setbuf
strchr
pthread_setspecific
gai_strerror
strrchr
gmtime_r
lseek
dladdr
gettimeofday
fputs
memset
geteuid
ioctl
sendto
close
getnameinfo
strspn
closedir
fputc
__strdup
strcspn
memchr
read
memcmp
fgets
pthread_rwlock_wrlock
getsockopt
pthread_rwlock_rdlock
_setjmp
calloc
strcmp
setcontext
signal
gethostbyname
__memcpy_chk
ftell
feof
__gmon_start__
fopen64
strtol
memcpy
makecontext
time
fileno
getgid
__xstat
readdir
dlopen
pthread_getspecific
malloc
strncasecmp
fflush
__isoc99_sscanf
__fxstat
listen
recvfrom
pthread_rwlock_unlock
getegid
fseek
dlclose
_longjmp
realloc
fdopen
munmap
pthread_key_create
poll
chmod
bind
__fread_chk
madvise
memmove
__syslog_chk
pthread_self
tcgetattr
tcsetattr
mprotect
open
fopen
perror
sysconf
_Jv_RegisterClasses
accept
getsockname
strtoul
__cxa_atexit
strcat
openlog
__memset_chk
pthread_key_delete
connect
fwrite
__fprintf_chk
_ITM_registerTMCloneTable
getaddrinfo
dlsym
getcontext
pthread_rwlock_destroy
GLIBC_2.2.5
dlerror
__ctype_tolower_loc
__ctype_b_loc
freeaddrinfo
stderr
__sprintf_chk
socket
__snprintf_chk
free
__errno_location
_ITM_deregisterTMCloneTable
write
strlen
__stack_chk_fail
snprintf
memset
close
memchr
read
__gmon_start__
memcpy
malloc
__vsnprintf_chk
open
_Jv_RegisterClasses
lseek64
_ITM_registerTMCloneTable
strerror
GLIBC_2.2.5
__ctype_toupper_loc
free
strncmp
_ITM_deregisterTMCloneTable
strlen
__stack_chk_fail
mmap
strchr
memset
memcmp
strcmp
__memcpy_chk
__gmon_start__
memcpy
pthread_mutex_unlock
malloc
munmap
madvise
memmove
sysconf
_Jv_RegisterClasses
_ITM_registerTMCloneTable
GLIBC_2.2.5
pthread_mutex_lock
__ctype_tolower_loc
__ctype_b_loc
__snprintf_chk
free
__errno_location
_ITM_deregisterTMCloneTable
write
strlen
__stack_chk_fail
snprintf
memset
close
memchr
read
__gmon_start__
memcpy
malloc
__vsnprintf_chk
open
_Jv_RegisterClasses
lseek64
_ITM_registerTMCloneTable
strerror
GLIBC_2.2.5
__asprintf
free
__pthread_key_create
_ITM_deregisterTMCloneTable
__pthread_getspecific
strcpy
GLIBC_2.2.5
calloc
__dcgettext
__gmon_start__
GLIBC_2.2.5
_rtld_global_ro
_dl_vsym
__pthread_once
_dl_addr
_libc_intl_domainname
_dl_sym
_Jv_RegisterClasses
_dl_rtld_di_serinfo
__environ
_ITM_registerTMCloneTable
__pthread_setspecific
strerror
_rtld_global
GLIBC_2.2.5
__ctype_toupper_loc
free
strncmp
_ITM_deregisterTMCloneTable
strlen
__stack_chk_fail
mmap
strchr
memset
memcmp
strcmp
__memcpy_chk
__gmon_start__
memcpy
pthread_mutex_unlock
malloc
munmap
madvise
memmove
sysconf
_Jv_RegisterClasses
_ITM_registerTMCloneTable
GLIBC_2.2.5
pthread_mutex_lock
__ctype_tolower_loc
__ctype_b_loc
_res_hconf
__uflow
free
strncpy
strncmp
_ITM_deregisterTMCloneTable
strcpy
errno
inet_network
__pthread_mutex_unlock
__resp
_nss_files_parse_pwent
fclose
strlen
strchr
fgetpos
rewind
__assert_fail
__strtok_r
__strdup
memcmp
xdecrypt
__pthread_mutex_lock
__getdelim
strcmp
__gmon_start__
memcpy
inet_pton
__stpcpy
fgets_unlocked
__rawmemchr
malloc
ungetc
strpbrk
realloc
__strtoull_internal
fopen
_Jv_RegisterClasses
__strcasecmp
fsetpos
_nss_files_parse_sgent
_ITM_registerTMCloneTable
__libc_alloca_cutoff
_nss_files_parse_spent
GLIBC_2.2.5
_nss_files_parse_grent
__ctype_b_loc
sigprocmask
raise
free
strcasecmp
abort
__errno_location
_ITM_deregisterTMCloneTable
_exit
strcpy
qsort
isatty
sigaction
strtod
strchrnul
faccessat
fcntl
write
getpid
__strtol_internal
__xstat64
wait3
opendir
stpcpy
strlen
chdir
__stack_chk_fail
dup2
strchr
warnx
__strtoul_internal
fnmatch
geteuid
getcwd
close
pipe
strspn
closedir
__strdup
strcspn
read
__libc_start_main
memcmp
_setjmp
execve
__fxstat64
strcmp
signal
getpwnam
__gmon_start__
umask
strtol
sigfillset
memcpy
kill
tcgetpgrp
__xstat
readdir
malloc
killpg
getegid
strpbrk
sigsuspend
__vsnprintf_chk
setrlimit
strsignal
realloc
sigsetmask
__longjmp_chk
open64
mempcpy
memmove
getpgrp
tcsetpgrp
open
times
strtok
sysconf
_Jv_RegisterClasses
__lxstat64
setpgid
getppid
getrlimit
_ITM_registerTMCloneTable
strerror
GLIBC_2.2.5
fork
strstr
__ctype_b_loc
initgroups
TLS_method
OCSP_response_get1_basic
chmod
SSL_get_servername
OPENSSL_sk_value
EVP_DigestInit_ex
X509_check_host
sem_wait
chdir
dup2
pthread_cond_destroy
SSL_SESSION_free
SSL_get_rbio
ASN1_d2i_bio
inflateReset
OCSP_CERTID_free
OCSP_response_status
mktime
memset
SSL_CTX_set_cipher_list
OCSP_REQUEST_new
getgrnam
ERR_get_error
setsid
shutdown
mmap64
SSL_CTX_free
CRYPTO_get_ex_new_index
posix_memalign
close
environ
inflateEnd
X509_get_issuer_name
ioctl
abort
pcre_free
clock_gettime
SSL_CTX_use_certificate
SSL_CTX_sess_set_new_cb
utimes
epoll_create
sem_destroy
__gmon_start__
_Jv_RegisterClasses
SSL_CTX_clear_options
recvmsg
SSL_get_current_cipher
uname
i2d_OCSP_REQUEST
pthread_cond_signal
ASN1_TIME_print
i2d_OCSP_RESPONSE
exit
pthread_mutexattr_destroy
ERR_clear_error
getaddrinfo
X509_digest
X509_STORE_CTX_get1_issuer
prctl
gettimeofday
X509_LOOKUP_ctrl
ERR_error_string_n
SSL_CTX_set_verify_depth
SSL_set_SSL_CTX
deflate
strpbrk
SSL_CTX_get_verify_depth
SSL_get_session
SSL_CTX_remove_session
SSL_CIPHER_find
read
strncmp
malloc
SSL_write
__libc_start_main
recv
setitimer
sigfillset
SSL_session_reused
unlink
rmdir
EVP_DecryptInit_ex
SSL_set_shutdown
sched_yield
PEM_write_bio_X509
__memcpy_chk
SSL_get0_alpn_selected
OCSP_resp_find_status
setsockopt
eventfd
sysconf
SSL_get1_session
srandom
SSL_set_fd
SSL_get_shutdown
getpid
SSL_CTX_ctrl
pthread_mutex_init
SSL_get0_next_proto_negotiated
pthread_attr_destroy
__fxstat64
OCSP_REQUEST_free
inflateInit2_
CRYPTO_malloc
__environ
_ITM_deregisterTMCloneTable
EVP_DigestUpdate
geteuid
setuid
SSL_CIPHER_get_name
ENGINE_load_private_key
OPENSSL_sk_new_null
inflate
sigsuspend
SSL_select_next_proto
SSL_set_quiet_shutdown
X509_LOOKUP_file
BIO_new_file
CRYPTO_free
pcre_exec
freeaddrinfo
pcre_config
SSL_new
free
EVP_DigestFinal_ex
strlen
_ITM_registerTMCloneTable
openat64
crc32
pthread_create
opendir
deflateEnd
pthread_cond_init
OCSP_RESPONSE_new
__recv_chk
posix_fadvise64
ERR_peek_error_line_data
SSL_read
setrlimit64
BIO_new
listen
GLIBC_2.2.5
SSL_CTX_load_verify_locations
SSL_get_options
SSL_CTX_callback_ctrl
SSL_CTX_use_PrivateKey
dlerror
SSL_CTX_get_cert_store
SSL_do_handshake
SSL_CTX_set_next_protos_advertised_cb
syscall
getpagesize
statfs64
PEM_read_bio_PrivateKey
SSL_set_session
setpriority
dlclose
sendmsg
SSL_CTX_sess_set_get_cb
d2i_OCSP_RESPONSE
SSL_clear_options
X509_set_ex_data
gmtime_r
kill
usleep
strerror
open64
epoll_ctl
EVP_MD_CTX_new
BIO_s_mem
strstr
X509_NAME_oneline
sigprocmask
BIO_new_mem_buf
sigaction
SSL_CTX_set_options
socketpair
SSL_CTX_set_timeout
pthread_exit
pcre_fullinfo
OCSP_cert_status_str
getsockopt
d2i_SSL_SESSION
crypt_r
ftruncate64
glob64
SSL_get_wbio
getsockname
OCSP_BASICRESP_free
connect
SSL_CTX_set_cert_cb
gethostname
EVP_sha1
globfree64
execve
X509_get_serialNumber
X509_up_ref
raise
pcre_compile
i2a_ASN1_INTEGER
memmove
ASN1_GENERALIZEDTIME_print
X509_STORE_CTX_free
strchr
__lxstat64
waitpid
X509_STORE_set_flags
X509_STORE_add_lookup
socket
getrlimit64
SSL_free
SSL_use_certificate
X509_get0_notBefore
getenv
SSL_CTX_set_client_CA_list
ENGINE_set_default
ERR_peek_last_error
ENGINE_free
EVP_aes_256_cbc
pcre_malloc
PEM_read_bio_X509_AUX
pread64
__errno_location
qsort
ERR_peek_error
accept4
OCSP_check_validity
SSL_CTX_set_info_callback
BIO_write
sigaddset
sem_init
pthread_mutexattr_settype
EVP_aes_128_cbc
X509_email_free
SSL_set_accept_state
__stack_chk_fail
SSL_CTX_get_client_CA_list
X509_get_ex_data
SSL_CTX_set_alpn_select_cb
X509_check_issued
strcmp
X509_get1_ocsp
SSL_get_peer_certificate
BIO_read
send
OCSP_RESPONSE_free
OPENSSL_sk_push
SSL_get_verify_result
sem_post
EVP_CIPHER_iv_length
SSL_CTX_get_options
PEM_read_bio_DHparams
SSL_CTX_get_timeout
OPENSSL_init_ssl
SSL_load_client_CA_file
epoll_wait
DH_free
HMAC_Init_ex
OCSP_cert_to_id
chown
getuid
pthread_cond_wait
SSL_shutdown
X509_STORE_CTX_new
SSL_CTX_set_ex_data
X509_NAME_digest
OCSP_response_status_str
X509_STORE_CTX_init
deflateInit2_
X509_get0_notAfter
SSL_CTX_get_verify_callback
SSL_set_verify_depth
memcmp
X509_verify_cert_error_string
munmap
X509_get_subject_name
pwrite64
EVP_MD_CTX_free
writev
dlopen
RAND_bytes
SSL_CTX_set_alpn_protos
SSL_CTX_set_session_id_context
random
ENGINE_by_id
OCSP_basic_verify
SSL_get_certificate
__xstat64
pthread_attr_init
EVP_PKEY_free
localtime_r
dlsym
SSL_CTX_sess_set_remove_cb
PEM_read_bio_X509
SSL_ctrl
SSL_CTX_new
closedir
SSL_in_init
sendfile64
SSL_set_connect_state
BIO_int_ctrl
__realpath_chk
OPENSSL_sk_pop_free
SSL_CTX_get_verify_mode
fork
sigemptyset
getppid
SSL_SESSION_get_id
OBJ_nid2sn
BIO_ctrl
pthread_sigmask
GLIBC_2.2.5
sendto
bind
BIO_free
SSL_use_PrivateKey
OPENSSL_sk_num
pthread_mutex_lock
sigdelset
EVP_sha256
i2d_SSL_SESSION
X509_NAME_print_ex
pthread_mutexattr_init
SSL_get_ex_data
__memmove_chk
localtime
pthread_mutex_destroy
setgid
write
X509_free
OpenSSL_version
SSL_set_verify
strftime
SSL_CTX_get_ex_data
SSL_get_error
__fxstatat64
accept
SSL_get_version
SSL_set_options
readv
pthread_mutex_unlock
umask
memcpy
fcntl
SSL_set_ex_data
pcre_study
getpwnam
rename
sched_setaffinity
pwritev64
readdir64
OCSP_request_add0_id
EVP_EncryptInit_ex
mkdir
time
SSL_CTX_set_verify
pcre_free_study
pthread_attr_setdetachstate
__snprintf_chk
free
__vfprintf_chk
strverscmp
abort
__errno_location
unlink
strncpy
strncmp
_ITM_deregisterTMCloneTable
stdout
strcpy
sendmsg
puts
qsort
fts_set
fread
fsetxattr
stdin
umount
fcntl
write
umount2
__open_2
pcre_version
fclose
lgetxattr
opendir
stpcpy
strlen
mount
__lxstat
__stack_chk_fail
mmap
fts_close
strchr
rewind
snprintf
strrchr
fts_read
uname
dirname
__assert_fail
pcre_exec
fnmatch
__strtok_r
memset
scandir
close
__realpath_chk
closedir
fputc
__strdup
alphasort
sched_yield
read
memcmp
fgets
__tls_get_addr
getsockopt
execve
__asprintf_chk
calloc
__getdelim
strcmp
pcre_fullinfo
fts_open
__strndup
pthread_key_create
syscall
__gmon_start__
strtol
realpath
memcpy
__xpg_basename
fileno
statfs
__xstat
readdir
pthread_once
dlopen
fgets_unlocked
pcre_compile
malloc
strncasecmp
fflush
__fsetlocking
__fxstat
recvfrom
sscanf
lsetxattr
pthread_setspecific
mkstemp
fgetxattr
statvfs
dlclose
realloc
__strcpy_chk
pcre_free_study
getpwnam_r
munmap
__printf_chk
pthread_key_delete
fchmod
poll
bind
readv
__syslog_chk
removexattr
getgrouplist
pcre_study
open
access
fopen
perror
strtok
sysconf
_Jv_RegisterClasses
rename
__lxstat64
getgrnam_r
getxattr
connect
fwrite
__fprintf_chk
setxattr
_ITM_registerTMCloneTable
strerror
dlsym
pcre_free
GLIBC_2.2.5
strstr
dlerror
__ctype_b_loc
stderr
__sprintf_chk
socket
__ctype_toupper_loc
__uflow
getenv
free
strcasecmp
__vfprintf_chk
abort
re_match
__errno_location
strncmp
isdigit
_ITM_deregisterTMCloneTable
splice
_exit
strcpy
__fpending
islower
iconv
qsort
isatty
iswcntrl
fcntl
fread_unlocked
textdomain
iscntrl
__strtol_internal
fclose
bindtextdomain
stpcpy
dcgettext
regfree
__ctype_get_mb_cur_max
strlen
__lxstat
openat
__stack_chk_fail
getopt_long
mbrtowc
strchr
isalnum
isblank
__fxstatat
__overflow
strrchr
lseek
__assert_fail
fputs
pcre_exec
fnmatch
memset
fscanf
strnlen
close
ispunct
closedir
isspace
regcomp
__strdup
memchr
read
__libc_start_main
memcmp
fputs_unlocked
calloc
strcmp
dirfd
__gmon_start__
memcpy
__xstat
readdir
dlopen
wcwidth
re_set_syntax
iswalnum
pcre_jit_stack_alloc
malloc
wcrtomb
nl_langinfo
ungetc
__fxstat
regexec
re_search
fchdir
fwrite_unlocked
realloc
isalpha
isupper
fdopen
setlocale
__printf_chk
iconv_close
isprint
iswspace
mempcpy
memmove
error
memrchr
open
fopen
sysconf
_Jv_RegisterClasses
towlower
wctob
fdopendir
towupper
fstatfs
__cxa_atexit
exit
isxdigit
__fprintf_chk
_ITM_registerTMCloneTable
re_compile_pattern
fflush_unlocked
mbsinit
dlsym
iswprint
pcre_assign_jit_stack
GLIBC_2.2.5
isgraph
strstr
__ctype_tolower_loc
__ctype_b_loc
iconv_open
pcre_jit_stack_free
__sprintf_chk
getenv
__asprintf
free
svc_getreq_poll
__poll
clnt_pcreateerror
abort
strncpy
strncmp
_ITM_deregisterTMCloneTable
stdout
strcpy
errno
puts
__pthread_mutex_unlock
fcntl
__mempcpy
getpid
inet_ntoa
svcerr_decode
xdrmem_create
fclose
xdr_u_char
__xstat64
ctime
getdomainname
dcgettext
strlen
xdr_void
strchr
printf
xdr_pointer
snprintf
gettimeofday
__assert_fail
xdr_opaque
fputs
clnttcp_create
geteuid
ioctl
close
authunix_create_default
xdr_array
fputc
__strdup
xdr_enum
memcmp
__pthread_mutex_lock
svcerr_noproc
rawmemchr
xdr_string
calloc
__getdelim
inet_addr
strcmp
__strndup
__dcgettext
fprintf
svcerr_systemerr
__gmon_start__
strtol
__libc_clntudp_bufcreate
memcpy
xdr_uint32_t
time
__stpcpy
xdr_u_int
malloc
__libc_rpc_getport
syslog
xdr_bytes
xdr_int
authdes_pk_create
xdrstdio_create
clnt_perror
__pthread_once
realloc
asprintf
clntudp_create
get_myaddress
host2netname
memmove
svctcp_create
__rpc_thread_svc_max_pollfd
clnt_create
open
_libc_intl_domainname
fopen
perror
_Jv_RegisterClasses
getsockname
xdr_netobj
pread
xdr_free
gethostname
xprt_unregister
key_secretkey_is_set
exit
fwrite
_ITM_registerTMCloneTable
xdr_bool
__rpc_thread_svc_pollfd
key_gendes
svc_register
GLIBC_2.2.5
xdr_sizeof
strstr
authdes_create
svc_sendreply
__ctype_b_loc
stderr
socket
svcudp_bufcreate
EVP_camellia_128_cbc
CT_POLICY_EVAL_CTX_set_shared_CTLOG_STORE
ENGINE_load_ssl_client_cert
OCSP_response_get1_basic
OPENSSL_sk_value
HMAC_CTX_new
EVP_MD_type
d2i_PrivateKey
EVP_aes_256_ccm
EVP_DigestInit_ex
BIO_printf
X509_verify_cert
EVP_PKEY_paramgen
BIO_get_init
X509_STORE_CTX_set_default
COMP_zlib
CRYPTO_free_ex_data
EC_KEY_free
BN_get_rfc3526_prime_8192
EVP_PKEY_get0_RSA
memset
OBJ_bsearch_
BIO_dump_indent
EVP_PKEY_encrypt
CTLOG_STORE_free
EVP_CipherInit_ex
CRYPTO_strndup
OPENSSL_sk_sort
EVP_CIPHER_CTX_iv_length
BN_get_rfc3526_prime_3072
CRYPTO_get_ex_new_index
X509_VERIFY_PARAM_new
EVP_MD_CTX_md
SHA512_Transform
ASYNC_WAIT_CTX_get_changed_fds
X509_get_issuer_name
BIO_ADDR_free
HMAC_size
abort
CRYPTO_memdup
EVP_PKEY_paramgen_init
memchr
OPENSSL_sk_dup
PEM_ASN1_read_bio
X509_VERIFY_PARAM_free
EVP_CIPHER_flags
BN_is_zero
BIO_next
i2d_OCSP_RESPID
X509_get_signature_nid
X509_get_key_usage
ASN1_item_d2i
EVP_sha384
X509_VERIFY_PARAM_add1_host
__gmon_start__
_Jv_RegisterClasses
OCSP_SINGLERESP_get1_ext_d2i
X509_cmp
DH_get0_key
OCSP_RESPID_free
X509_VERIFY_PARAM_set_auth_level
X509_STORE_CTX_set_ex_data
ERR_func_error_string
CRYPTO_THREAD_write_lock
d2i_RSAPrivateKey
ASYNC_get_current_job
COMP_compress_block
COMP_get_name
COMP_CTX_free
BIO_get_retry_reason
ERR_clear_error
EVP_PKEY_CTX_new
PEM_ASN1_write
strcasecmp
CTLOG_STORE_load_default_file
EVP_PKEY_missing_parameters
gettimeofday
EVP_PKEY_new
X509_LOOKUP_ctrl
BIO_copy_next_retry
CT_POLICY_EVAL_CTX_set1_cert
EVP_PKEY_get0_EC_KEY
CRYPTO_THREAD_lock_new
EVP_CIPHER_key_length
HMAC_Update
EC_KEY_get0_public_key
OPENSSL_sk_pop
EVP_CIPHER_CTX_cipher
EVP_PKEY_encrypt_init
EVP_aes_256_cbc_hmac_sha256
X509_certificate_type
strncmp
SRP_Calc_client_key
X509_VERIFY_PARAM_set_depth
BN_set_word
EVP_DigestSignInit
CTLOG_STORE_load_file
BUF_reverse
d2i_X509_NAME
BN_bin2bn
ASYNC_WAIT_CTX_free
EVP_CIPHER_CTX_ctrl
SHA224_Init
EVP_DecryptInit_ex
BIO_puts
EVP_get_digestbyname
EVP_PKEY_up_ref
COMP_get_type
BN_ucmp
BIO_s_connect
BIO_push
EVP_PKEY_id
SRP_get_default_gN
X509_chain_check_suiteb
OPENSSL_die
__memcpy_chk
EVP_aes_128_ccm
SRP_Calc_B
CRYPTO_get_ex_data
BN_copy
EVP_md5
BN_num_bits
EVP_MD_size
BIO_callback_ctrl
EVP_MD_CTX_set_flags
CRYPTO_set_ex_data
ZINT32_it
X509_STORE_new
CRYPTO_THREAD_unlock
conf_ssl_name_find
CRYPTO_new_ex_data
X509_STORE_CTX_get0_chain
CRYPTO_malloc
OPENSSL_LH_free
CRYPTO_strdup
SRP_Calc_u
_ITM_deregisterTMCloneTable
EVP_DigestUpdate
DH_new
SRP_Verify_B_mod_N
OPENSSL_sk_insert
EC_KEY_get0_group
OPENSSL_sk_new_null
OPENSSL_LH_new
BIO_s_file
X509_EXTENSION_free
X509_LOOKUP_file
SRP_Calc_x
CRYPTO_free
EVP_VerifyFinal
EVP_MD_block_size
BUF_MEM_grow
RSA_size
EVP_DigestFinal_ex
EVP_seed_cbc
strlen
_ITM_registerTMCloneTable
OPENSSL_sk_shift
BIO_get_data
COMP_CTX_new
EVP_PKEY_keygen_init
BN_dup
DH_set0_pqg
BUF_MEM_grow_clean
ASYNC_WAIT_CTX_new
OBJ_find_sigid_algs
SRP_check_known_gN_param
BN_clear_free
EVP_DigestFinal
EVP_PKEY_set1_tls_encodedpoint
EVP_CIPHER_CTX_block_size
PEM_ASN1_read
BIO_new
CRYPTO_THREAD_lock_free
EC_KEY_get_conv_form
GLIBC_2.2.5
OPENSSL_LH_retrieve
EVP_PKEY_derive
BIO_ADDR_new
OPENSSL_LH_doall_arg
X509_VERIFY_PARAM_get0_peername
OPENSSL_sk_find
EVP_PKEY_decrypt
SHA1_Transform
OBJ_find_sigid_by_algs
EVP_chacha20_poly1305
ASN1_OCTET_STRING_it
EVP_MD_CTX_copy
d2i_PUBKEY
RSA_private_decrypt
d2i_RSAPrivateKey_bio
EVP_DecryptFinal
EVP_PKEY_derive_set_peer
OPENSSL_sk_new
EVP_aes_128_cbc_hmac_sha1
d2i_OCSP_RESPID
EVP_des_cbc
OCSP_resp_get0
ASYNC_start_job
PEM_read_bio_PrivateKey
EVP_DigestSignFinal
EVP_MD_CTX_copy_ex
BUF_MEM_free
ZINT64_it
EVP_sha224
EC_KEY_new_by_curve_name
X509_STORE_CTX_get1_chain
EVP_PKEY_asn1_get0_info
BIO_set_init
d2i_OCSP_RESPONSE
X509_NAME_hash
X509_chain_up_ref
EVP_PKEY_set1_DH
EVP_MD_CTX_new
BIO_s_mem
EC_GROUP_get_curve_name
CRYPTO_THREAD_run_once
SRP_create_verifier_BN
ZUINT64_it
i2d_X509_EXTENSIONS
EVP_camellia_256_cbc
EVP_md5_sha1
UINT32_it
SHA384_Init
conf_ssl_get
X509_STORE_add_cert
i2d_X509_NAME
OCSP_BASICRESP_free
EVP_PKEY_set_type
BN_new
X509_get_extension_flags
BIO_pop
X509_LOOKUP_hash_dir
EVP_Digest
EVP_PKEY_assign
EVP_EncryptFinal
EVP_sha1
EVP_PKEY_CTX_free
EVP_PKEY_size
CRYPTO_realloc
PEM_read_bio
X509_up_ref
EVP_PKEY_decrypt_init
MD5_Transform
EC_KEY_can_sign
X509_VERIFY_PARAM_set_purpose
OPENSSL_sk_set_cmp_func
EVP_CIPHER_CTX_new
EVP_enc_null
X509_VERIFY_PARAM_move_peername
CRYPTO_THREAD_read_lock
memmove
EVP_aes_128_cbc_hmac_sha256
X509_NAME_free
X509_STORE_CTX_free
strchr
X509_STORE_add_lookup
HMAC_CTX_free
DH_get_2048_224
X509_STORE_CTX_set0_dane
ASN1_item_i2d
ASN1_item_free
ENGINE_finish
EVP_PKEY_keygen
EVP_rc2_40_cbc
CT_POLICY_EVAL_CTX_new
ERR_peek_last_error
OPENSSL_DIR_read
EVP_aes_256_cbc
X509_STORE_CTX_get0_param
PEM_read_bio_RSAPrivateKey
SHA1_Init
PEM_read_bio_X509_AUX
EVP_CIPHER_block_size
X509_STORE_up_ref
__errno_location
CRYPTO_zalloc
EVP_des_ede3_cbc
X509_get0_pubkey
ASN1_get_object
qsort
i2d_X509
OPENSSL_LH_set_down_load
ERR_peek_error
EC_curve_nist2nid
SHA512_Init
OPENSSL_LH_get_down_load
COMP_expand_block
X509_check_private_key
DH_get_1024_160
CONF_parse_list
CT_POLICY_EVAL_CTX_free
BIO_write
OPENSSL_LH_insert
EVP_aes_128_cbc
strncasecmp
d2i_X509_bio
BIO_set_shutdown
EVP_CIPHER_CTX_reset
__stack_chk_fail
SCT_set_source
SCT_get_validation_status
ERR_add_error_data
OBJ_sn2nid
EVP_PKEY_security_bits
strcmp
RSA_up_ref
BIO_free_all
BIO_clear_flags
__memset_chk
EVP_get_cipherbyname
X509_VERIFY_PARAM_set1
X509_STORE_CTX_set_flags
BUF_MEM_new
BIO_read
SCT_LIST_validate
BIO_get_shutdown
EVP_add_digest
OCSP_RESPONSE_free
EVP_aes_256_gcm
OPENSSL_sk_push
OBJ_ln2nid
EVP_rc4
BIO_test_flags
EVP_CIPHER_iv_length
X509_VERIFY_PARAM_inherit
PEM_read_bio_DHparams
ENGINE_init
ERR_put_error
DH_set0_key
ERR_load_strings
CT_POLICY_EVAL_CTX_set1_issuer
BIO_snprintf
RAND_add
MD5_Init
DH_free
BIO_f_buffer
HMAC_Init_ex
EVP_rc4_hmac_md5
CT_POLICY_EVAL_CTX_set_time
COMP_CTX_get_method
X509_STORE_load_locations
X509_VERIFY_PARAM_set_hostflags
OPENSSL_load_builtin_modules
X509_NAME_dup
EVP_PKEY_get0_DH
X509_STORE_CTX_new
FIPS_mode
OPENSSL_atexit
BIO_set_flags
X509_VERIFY_PARAM_get_depth
OPENSSL_cleanse
X509_STORE_CTX_init
BIO_s_socket
ASYNC_WAIT_CTX_get_all_fds
EVP_MD_CTX_ctrl
X509_NAME_cmp
BIO_find_type
EVP_PKEY_derive_init
EVP_aes_256_cbc_hmac_sha1
BIO_up_ref
memcmp
X509_verify_cert_error_string
X509_get_subject_name
EVP_CIPHER_CTX_free
BIO_method_type
BIO_set_retry_reason
SHA256_Transform
EVP_MD_CTX_free
EVP_aes_192_cbc
RAND_bytes
OCSP_resp_count
X509_STORE_CTX_set_verify_cb
X509_VERIFY_PARAM_set_trust
EVP_Cipher
EVP_PKEY_free
d2i_PrivateKey_bio
PEM_read_bio_X509
HMAC_Final
X509_STORE_free
CRYPTO_atomic_add
BIO_set_data
EVP_aes_128_gcm
BN_bn2bin
BIO_int_ctrl
RSA_free
OPENSSL_sk_pop_free
X509_STORE_set_default_paths
DH_security_bits
OPENSSL_sk_free
X509_get_ext_d2i
X509_STORE_CTX_get_error
SRP_Verify_A_mod_N
OPENSSL_sk_set
OBJ_nid2sn
EVP_SignFinal
BIO_ctrl
RSA_flags
BIO_free
X509_it
SHA256_Init
EVP_sha512
EVP_rc2_cbc
SCT_LIST_free
EVP_PKEY_CTX_new_id
OBJ_NAME_add
OPENSSL_sk_num
EVP_PKEY_asn1_find_str
OPENSSL_init_crypto
EVP_sha256
EVP_DigestInit
o2i_SCT_LIST
err_free_strings_int
BIO_ADDR_clear
BIO_set_next
PEM_ASN1_write_bio
d2i_X509
ENGINE_get_ssl_client_cert_function
DH_check_params
SRP_Calc_server_key
X509_free
EVP_PKEY_get1_tls_encodedpoint
EVP_DecryptUpdate
EVP_PKEY_CTX_ctrl
INT32_it
OPENSSL_LH_delete
memcpy
OPENSSL_LH_num_items
d2i_X509_EXTENSIONS
conf_ssl_get_cmd
EVP_PKEY_copy_parameters
CTLOG_STORE_new
CRYPTO_memcmp
EVP_EncryptInit_ex
EVP_add_cipher
EVP_EncryptUpdate
time
DH_get0_pqg
CRYPTO_mem_ctrl
EVP_PKEY_new_mac_key
CRYPTO_dup_ex_data
BN_free
OPENSSL_DIR_end
X509_VERIFY_PARAM_set1_host
CRYPTO_clear_free
SRP_Calc_A
_res_hconf
__uflow
free
strncpy
strncmp
_ITM_deregisterTMCloneTable
strcpy
errno
inet_network
__pthread_mutex_unlock
__resp
_nss_files_parse_pwent
fclose
strlen
strchr
fgetpos
rewind
__assert_fail
__strtok_r
__strdup
memcmp
xdecrypt
__pthread_mutex_lock
__getdelim
strcmp
__gmon_start__
memcpy
inet_pton
__stpcpy
fgets_unlocked
__rawmemchr
malloc
ungetc
strpbrk
realloc
__strtoull_internal
fopen
_Jv_RegisterClasses
__strcasecmp
fsetpos
_nss_files_parse_sgent
_ITM_registerTMCloneTable
__libc_alloca_cutoff
_nss_files_parse_spent
GLIBC_2.2.5
_nss_files_parse_grent
__ctype_b_loc
__tsearch
__clone
free
__getrlimit
abort
unlink
_ITM_deregisterTMCloneTable
_exit
__sched_getscheduler
__libc_dlclose
errno
__libc_fatal
__statfs
__sched_get_priority_max
__mempcpy
__resp
getpid
fclose
strlen
__getpid
__libc_system
getuid
mmap
strchr
__gettimeofday
__assert_fail
memset
__libc_fork
__register_atfork
sched_yield
_dl_deallocate_tls
__call_tls_dtors
__sched_getparam
_setjmp
calloc
__getdelim
__getmntent_r
__fxstat64
__libc_stack_end
strcmp
__libc_thread_freeres
__endmntent
memcpy
_rtld_global_ro
prctl
__libc_current_sigrtmax_private
__tdelete
__sched_setscheduler
__libc_dlopen_mode
__getpagesize
malloc
sched_get_priority_min
_dl_make_stack_executable
__libc_pthread_init
__ctype_init
sscanf
realloc
__libc_dlsym
__tfind
munmap
__libc_current_sigrtmin_private
__libc_vfork
__madvise
__libc_dl_error_tsd
mprotect
__h_errno
fopen
__mktemp
_Jv_RegisterClasses
__twalk
_dl_allocate_tls
__setmntent
sched_setparam
_dl_get_tls_static_info
sprintf
link
exit
sched_get_priority_max
getrlimit
_ITM_registerTMCloneTable
__libc_alloca_cutoff
_dl_allocate_tls_init
_rtld_global
__libc_allocate_rtsig_private
__libc_longjmp
GLIBC_2.2.5
__sched_get_priority_min
_rtld_global
__libc_enable_secure
__tls_get_addr
_rtld_global_ro
_dl_find_dso_for_object
_dl_starting_up
_dl_argv
__ctype_toupper_loc
__uflow
getenv
free
is_selinux_enabled
__vfprintf_chk
strverscmp
abort
__errno_location
unlink
strncmp
isdigit
_ITM_deregisterTMCloneTable
strcpy
islower
isatty
readlink
clearerr_unlocked
fread_unlocked
textdomain
iscntrl
fclose
bindtextdomain
dcgettext
__ctype_get_mb_cur_max
strlen
__lxstat
__stack_chk_fail
getopt_long
mbrtowc
strchr
rewind
isalnum
isblank
pclose
__overflow
strrchr
fgetfilecon
mkostemp
__assert_fail
memset
fscanf
__fwriting
close
ispunct
isspace
memchr
__libc_start_main
memcmp
fputs_unlocked
calloc
lgetfilecon
strcmp
ftell
__gmon_start__
umask
strtol
memcpy
getfilecon
fileno
setfscreatecon
re_set_syntax
malloc
wcrtomb
nl_langinfo
ungetc
__fxstat
re_search
fwrite_unlocked
realloc
isalpha
isupper
fdopen
setlocale
__printf_chk
fchmod
setvbuf
isprint
chmod
btowc
memmove
error
memrchr
open
popen
fchown
fopen
dcngettext
_Jv_RegisterClasses
towlower
wctob
rename
towupper
__cxa_atexit
freecon
exit
isxdigit
fwrite
__fprintf_chk
_ITM_registerTMCloneTable
re_compile_pattern
fflush_unlocked
getfscreatecon
mbsinit
strerror
iswprint
GLIBC_2.2.5
isgraph
getdelim
strstr
__ctype_b_loc
__sprintf_chk
getenv
__asprintf
free
svc_getreq_poll
__poll
clnt_pcreateerror
abort
strncpy
strncmp
_ITM_deregisterTMCloneTable
stdout
strcpy
errno
puts
__pthread_mutex_unlock
fcntl
__mempcpy
getpid
inet_ntoa
svcerr_decode
xdrmem_create
fclose
xdr_u_char
__xstat64
ctime
getdomainname
dcgettext
strlen
xdr_void
strchr
printf
xdr_pointer
snprintf
gettimeofday
__assert_fail
xdr_opaque
fputs
clnttcp_create
geteuid
ioctl
close
authunix_create_default
xdr_array
fputc
__strdup
xdr_enum
memcmp
__pthread_mutex_lock
svcerr_noproc
rawmemchr
xdr_string
calloc
__getdelim
inet_addr
strcmp
__strndup
__dcgettext
fprintf
svcerr_systemerr
__gmon_start__
strtol
__libc_clntudp_bufcreate
memcpy
xdr_uint32_t
time
__stpcpy
xdr_u_int
malloc
__libc_rpc_getport
syslog
xdr_bytes
xdr_int
authdes_pk_create
xdrstdio_create
clnt_perror
__pthread_once
realloc
asprintf
clntudp_create
get_myaddress
host2netname
memmove
svctcp_create
__rpc_thread_svc_max_pollfd
clnt_create
open
_libc_intl_domainname
fopen
perror
_Jv_RegisterClasses
getsockname
xdr_netobj
pread
xdr_free
gethostname
xprt_unregister
key_secretkey_is_set
exit
fwrite
_ITM_registerTMCloneTable
xdr_bool
__rpc_thread_svc_pollfd
key_gendes
svc_register
GLIBC_2.2.5
xdr_sizeof
strstr
authdes_create
svc_sendreply
__ctype_b_loc
stderr
socket
svcudp_bufcreate
