__ctype_toupper_loc
inet_ntop
getenv
free
__poll
strcasecmp
abort
strncpy
_ITM_deregisterTMCloneTable
stdout
strcpy
errno
writev
in6addr_any
__resp
getpeername
fclose
strlen
__stack_chk_fail
setbuf
send
strchr
rewind
_IO_putc
snprintf
__res_maybe_init
gettimeofday
__assert_fail
fputs
__res_iclose
ioctl
fputc
__strdup
read
memcmp
fgets
fprintf
__gmon_start__
strtol
memcpy
inet_pton
__gmtime_r
__rawmemchr
malloc
strncasecmp
recvfrom
strpbrk
__sendmmsg
inet_nsap_ntoa
memmove
__h_errno
fopen
_Jv_RegisterClasses
sprintf
connect
fwrite
_ITM_registerTMCloneTable
strerror
GLIBC_2.2.5
__ctype_tolower_loc
__ctype_b_loc
socket
_rtld_global
__libc_enable_secure
__tls_get_addr
_rtld_global_ro
_dl_find_dso_for_object
_dl_starting_up
_dl_argv
__asprintf
free
__pthread_key_create
_ITM_deregisterTMCloneTable
__pthread_getspecific
strcpy
GLIBC_2.2.5
calloc
__dcgettext
__gmon_start__
GLIBC_2.2.5
_rtld_global_ro
_dl_vsym
__pthread_once
_dl_addr
_libc_intl_domainname
_dl_sym
_Jv_RegisterClasses
_dl_rtld_di_serinfo
__environ
_ITM_registerTMCloneTable
__pthread_setspecific
strerror
_rtld_global
GLIBC_2.2.5
getenv
free
recv
abort
__errno_location
_ITM_deregisterTMCloneTable
writev
sigaction
strtod
setsockopt
fcntl
clock_gettime
write
getpid
__open_2
shutdown
strlen
__stack_chk_fail
getuid
mmap
send
strchr
__fdelt_chk
gai_strerror
gmtime_r
lseek
gettimeofday
__strtok_r
memset
geteuid
ioctl
sendto
close
pipe
getnameinfo
strspn
epoll_ctl
__strdup
memchr
read
memcmp
getsockopt
calloc
strcmp
strtoll
__memcpy_chk
__gmon_start__
strtol
sigfillset
memcpy
socketpair
getprotobynumber
time
getgid
select
random
malloc
__isoc99_sscanf
__fxstat
listen
recvfrom
sscanf
getegid
strpbrk
__vsnprintf_chk
sendfile
realloc
munmap
epoll_wait
poll
bind
readv
strftime
memmove
open
_Jv_RegisterClasses
accept
getsockname
gethostname
epoll_create
sysctl
exit
connect
eventfd
fwrite
__fprintf_chk
_ITM_registerTMCloneTable
getaddrinfo
strerror
GLIBC_2.2.5
freeaddrinfo
stderr
socket
__tsearch
__clone
free
__getrlimit
abort
unlink
_ITM_deregisterTMCloneTable
_exit
__sched_getscheduler
__libc_dlclose
errno
__libc_fatal
__statfs
__sched_get_priority_max
__mempcpy
__resp
getpid
fclose
strlen
__getpid
__libc_system
getuid
mmap
strchr
__gettimeofday
__assert_fail
memset
__libc_fork
__register_atfork
sched_yield
_dl_deallocate_tls
__call_tls_dtors
__sched_getparam
_setjmp
calloc
__getdelim
__getmntent_r
__fxstat64
__libc_stack_end
strcmp
__libc_thread_freeres
__endmntent
memcpy
_rtld_global_ro
prctl
__libc_current_sigrtmax_private
__tdelete
__sched_setscheduler
__libc_dlopen_mode
__getpagesize
malloc
sched_get_priority_min
_dl_make_stack_executable
__libc_pthread_init
__ctype_init
sscanf
realloc
__libc_dlsym
__tfind
munmap
__libc_current_sigrtmin_private
__libc_vfork
__madvise
__libc_dl_error_tsd
mprotect
__h_errno
fopen
__mktemp
_Jv_RegisterClasses
__twalk
_dl_allocate_tls
__setmntent
sched_setparam
_dl_get_tls_static_info
sprintf
link
exit
sched_get_priority_max
getrlimit
_ITM_registerTMCloneTable
__libc_alloca_cutoff
_dl_allocate_tls_init
_rtld_global
__libc_allocate_rtsig_private
__libc_longjmp
GLIBC_2.2.5
__sched_get_priority_min
__asprintf
free
__pthread_key_create
_ITM_deregisterTMCloneTable
__pthread_getspecific
strcpy
GLIBC_2.2.5
calloc
__dcgettext
__gmon_start__
GLIBC_2.2.5
_rtld_global_ro
_dl_vsym
__pthread_once
_dl_addr
_libc_intl_domainname
_dl_sym
_Jv_RegisterClasses
_dl_rtld_di_serinfo
__environ
_ITM_registerTMCloneTable
__pthread_setspecific
strerror
_rtld_global
GLIBC_2.2.5
__ctype_toupper_loc
free
strncmp
_ITM_deregisterTMCloneTable
strlen
__stack_chk_fail
mmap
strchr
memset
memcmp
strcmp
__memcpy_chk
__gmon_start__
memcpy
pthread_mutex_unlock
malloc
munmap
madvise
memmove
sysconf
_Jv_RegisterClasses
_ITM_registerTMCloneTable
GLIBC_2.2.5
pthread_mutex_lock
__ctype_tolower_loc
__ctype_b_loc
getenv
__snprintf_chk
free
putchar
strcasecmp
__errno_location
strncpy
strncmp
_ITM_deregisterTMCloneTable
strcpy
writev
puts
fcntl
clock
fclose
opendir
strlen
__stack_chk_fail
getuid
strchr
__fdelt_chk
strrchr
uname
gettimeofday
__assert_fail
memset
geteuid
strncat
close
strspn
closedir
__strdup
read
memcmp
fgets
calloc
strcmp
__memcpy_chk
__gmon_start__
strtol
memcpy
time
__stpcpy_chk
getgid
select
readdir
dlopen
malloc
strncasecmp
getegid
dlclose
realloc
__strcpy_chk
__printf_chk
__syslog_chk
open
fopen
_Jv_RegisterClasses
jrand48
strcat
gethostname
connect
__strncat_chk
_ITM_registerTMCloneTable
getaddrinfo
strerror
dlsym
GLIBC_2.2.5
dlerror
__ctype_tolower_loc
__ctype_b_loc
freeaddrinfo
__sprintf_chk
socket
__ctype_toupper_loc
inet_ntop
getenv
free
__poll
strcasecmp
abort
strncpy
_ITM_deregisterTMCloneTable
stdout
strcpy
errno
writev
in6addr_any
__resp
getpeername
fclose
strlen
__stack_chk_fail
setbuf
send
strchr
rewind
_IO_putc
snprintf
__res_maybe_init
gettimeofday
__assert_fail
fputs
__res_iclose
ioctl
fputc
__strdup
read
memcmp
fgets
fprintf
__gmon_start__
strtol
memcpy
inet_pton
__gmtime_r
__rawmemchr
malloc
strncasecmp
recvfrom
strpbrk
__sendmmsg
inet_nsap_ntoa
memmove
__h_errno
fopen
_Jv_RegisterClasses
sprintf
connect
fwrite
_ITM_registerTMCloneTable
strerror
GLIBC_2.2.5
__ctype_tolower_loc
__ctype_b_loc
socket
sigprocmask
raise
free
strcasecmp
abort
__errno_location
_ITM_deregisterTMCloneTable
_exit
strcpy
qsort
isatty
sigaction
strtod
strchrnul
faccessat
fcntl
write
getpid
__strtol_internal
__xstat64
wait3
opendir
stpcpy
strlen
chdir
__stack_chk_fail
dup2
strchr
warnx
__strtoul_internal
fnmatch
geteuid
getcwd
close
pipe
strspn
closedir
__strdup
strcspn
read
__libc_start_main
memcmp
_setjmp
execve
__fxstat64
strcmp
signal
getpwnam
__gmon_start__
umask
strtol
sigfillset
memcpy
kill
tcgetpgrp
__xstat
readdir
malloc
killpg
getegid
strpbrk
sigsuspend
__vsnprintf_chk
setrlimit
strsignal
realloc
sigsetmask
__longjmp_chk
open64
mempcpy
memmove
getpgrp
tcsetpgrp
open
times
strtok
sysconf
_Jv_RegisterClasses
__lxstat64
setpgid
getppid
getrlimit
_ITM_registerTMCloneTable
strerror
GLIBC_2.2.5
fork
strstr
__ctype_b_loc
getenv
free
recv
abort
__errno_location
_ITM_deregisterTMCloneTable
writev
sigaction
strtod
setsockopt
fcntl
clock_gettime
write
getpid
__open_2
shutdown
strlen
__stack_chk_fail
getuid
mmap
send
strchr
__fdelt_chk
gai_strerror
gmtime_r
lseek
gettimeofday
__strtok_r
memset
geteuid
ioctl
sendto
close
pipe
getnameinfo
strspn
epoll_ctl
__strdup
memchr
read
memcmp
getsockopt
calloc
strcmp
strtoll
__memcpy_chk
__gmon_start__
strtol
sigfillset
memcpy
socketpair
getprotobynumber
time
getgid
select
random
malloc
__isoc99_sscanf
__fxstat
listen
recvfrom
sscanf
getegid
strpbrk
__vsnprintf_chk
sendfile
realloc
munmap
epoll_wait
poll
bind
readv
strftime
memmove
open
_Jv_RegisterClasses
accept
getsockname
gethostname
epoll_create
sysctl
exit
connect
eventfd
fwrite
__fprintf_chk
_ITM_registerTMCloneTable
getaddrinfo
strerror
GLIBC_2.2.5
freeaddrinfo
stderr
socket
__snprintf_chk
free
__vfprintf_chk
strverscmp
abort
__errno_location
unlink
strncpy
strncmp
_ITM_deregisterTMCloneTable
stdout
strcpy
sendmsg
puts
qsort
fts_set
fread
fsetxattr
stdin
umount
fcntl
write
umount2
__open_2
pcre_version
fclose
lgetxattr
opendir
stpcpy
strlen
mount
__lxstat
__stack_chk_fail
mmap
fts_close
strchr
rewind
snprintf
strrchr
fts_read
uname
dirname
__assert_fail
pcre_exec
fnmatch
__strtok_r
memset
scandir
close
__realpath_chk
closedir
fputc
__strdup
alphasort
sched_yield
read
memcmp
fgets
__tls_get_addr
getsockopt
execve
__asprintf_chk
calloc
__getdelim
strcmp
pcre_fullinfo
fts_open
__strndup
pthread_key_create
syscall
__gmon_start__
strtol
realpath
memcpy
__xpg_basename
fileno
statfs
__xstat
readdir
pthread_once
dlopen
fgets_unlocked
pcre_compile
malloc
strncasecmp
fflush
__fsetlocking
__fxstat
recvfrom
sscanf
lsetxattr
pthread_setspecific
mkstemp
fgetxattr
statvfs
dlclose
realloc
__strcpy_chk
pcre_free_study
getpwnam_r
munmap
__printf_chk
pthread_key_delete
fchmod
poll
bind
readv
__syslog_chk
removexattr
getgrouplist
pcre_study
open
access
fopen
perror
strtok
sysconf
_Jv_RegisterClasses
rename
__lxstat64
getgrnam_r
getxattr
connect
fwrite
__fprintf_chk
setxattr
_ITM_registerTMCloneTable
strerror
dlsym
pcre_free
GLIBC_2.2.5
strstr
dlerror
__ctype_b_loc
stderr
__sprintf_chk
socket
inet_ntop
getenv
event_config_new
raise
sigignore
free
pthread_create
abort
__errno_location
unlink
strncpy
event_base_set
strncmp
_ITM_deregisterTMCloneTable
_exit
getsubopt
sendmsg
puts
strtod
vsnprintf
setsockopt
fcntl
clock_gettime
write
getpid
pthread_cond_wait
getpeername
pthread_once
fclose
strlen
__lxstat
chdir
getuid
getopt_long
setbuf
accept4
dup2
strchr
printf
event_del
pthread_setspecific
pthread_mutex_destroy
snprintf
gai_strerror
dup
gettimeofday
__strtok_r
memset
geteuid
close
setgroups
pipe
setsid
event_base_new_with_config
fputc
__strdup
memchr
read
__libc_start_main
memcmp
pthread_attr_init
fgets
pthread_cond_signal
getsockopt
strtoull
calloc
sasl_listmech
strcmp
event_add
signal
strtoll
getpwnam
event_base_free
fprintf
__gmon_start__
umask
strtol
memcpy
sasl_server_start
sasl_server_new
kill
time
__xstat
pthread_cond_init
pthread_getspecific
pthread_mutex_unlock
sasl_server_step
malloc
listen
recvfrom
sscanf
preadv
setrlimit
strsignal
realloc
sasl_server_init
event_config_free
pwrite
mlockall
pthread_key_create
poll
bind
madvise
memmove
setgid
event_set
open
access
fopen
getrusage
perror
pthread_join
_Jv_RegisterClasses
rename
accept
getsockname
strtoul
pread
gethostname
sprintf
exit
event_get_version
fwrite
getrlimit
posix_memalign
_ITM_registerTMCloneTable
setuid
event_base_loop
getaddrinfo
strerror
sasl_dispose
pthread_mutex_init
GLIBC_2.2.5
event_config_set_flag
fork
strstr
pthread_mutex_lock
pthread_mutex_trylock
__ctype_tolower_loc
__ctype_b_loc
usleep
freeaddrinfo
socket
__ctype_toupper_loc
__uflow
getenv
free
strcasecmp
__vfprintf_chk
abort
re_match
__errno_location
strncmp
isdigit
_ITM_deregisterTMCloneTable
splice
_exit
strcpy
__fpending
islower
iconv
qsort
isatty
iswcntrl
fcntl
fread_unlocked
textdomain
iscntrl
__strtol_internal
fclose
bindtextdomain
stpcpy
dcgettext
regfree
__ctype_get_mb_cur_max
strlen
__lxstat
openat
__stack_chk_fail
getopt_long
mbrtowc
strchr
isalnum
isblank
__fxstatat
__overflow
strrchr
lseek
__assert_fail
fputs
pcre_exec
fnmatch
memset
fscanf
strnlen
close
ispunct
closedir
isspace
regcomp
__strdup
memchr
read
__libc_start_main
memcmp
fputs_unlocked
calloc
strcmp
dirfd
__gmon_start__
memcpy
__xstat
readdir
dlopen
wcwidth
re_set_syntax
iswalnum
pcre_jit_stack_alloc
malloc
wcrtomb
nl_langinfo
ungetc
__fxstat
regexec
re_search
fchdir
fwrite_unlocked
realloc
isalpha
isupper
fdopen
setlocale
__printf_chk
iconv_close
isprint
iswspace
mempcpy
memmove
error
memrchr
open
fopen
sysconf
_Jv_RegisterClasses
towlower
wctob
fdopendir
towupper
fstatfs
__cxa_atexit
exit
isxdigit
__fprintf_chk
_ITM_registerTMCloneTable
re_compile_pattern
fflush_unlocked
mbsinit
dlsym
iswprint
pcre_assign_jit_stack
GLIBC_2.2.5
isgraph
strstr
__ctype_tolower_loc
__ctype_b_loc
iconv_open
pcre_jit_stack_free
__sprintf_chk
__tsearch
__clone
free
__getrlimit
abort
unlink
_ITM_deregisterTMCloneTable
_exit
__sched_getscheduler
__libc_dlclose
errno
__libc_fatal
__statfs
__sched_get_priority_max
__mempcpy
__resp
getpid
fclose
strlen
__getpid
__libc_system
getuid
mmap
strchr
__gettimeofday
__assert_fail
memset
__libc_fork
__register_atfork
sched_yield
_dl_deallocate_tls
__call_tls_dtors
__sched_getparam
_setjmp
calloc
__getdelim
__getmntent_r
__fxstat64
__libc_stack_end
strcmp
__libc_thread_freeres
__endmntent
memcpy
_rtld_global_ro
prctl
__libc_current_sigrtmax_private
__tdelete
__sched_setscheduler
__libc_dlopen_mode
__getpagesize
malloc
sched_get_priority_min
_dl_make_stack_executable
__libc_pthread_init
__ctype_init
sscanf
realloc
__libc_dlsym
__tfind
munmap
__libc_current_sigrtmin_private
__libc_vfork
__madvise
__libc_dl_error_tsd
mprotect
__h_errno
fopen
__mktemp
_Jv_RegisterClasses
__twalk
_dl_allocate_tls
__setmntent
sched_setparam
_dl_get_tls_static_info
sprintf
link
exit
sched_get_priority_max
getrlimit
_ITM_registerTMCloneTable
__libc_alloca_cutoff
_dl_allocate_tls_init
_rtld_global
__libc_allocate_rtsig_private
__libc_longjmp
GLIBC_2.2.5
__sched_get_priority_min
_rtld_global
__libc_enable_secure
__tls_get_addr
_rtld_global_ro
_dl_find_dso_for_object
_dl_starting_up
_dl_argv
__ctype_toupper_loc
__uflow
getenv
free
is_selinux_enabled
__vfprintf_chk
strverscmp
abort
__errno_location
unlink
strncmp
isdigit
_ITM_deregisterTMCloneTable
strcpy
islower
isatty
readlink
clearerr_unlocked
fread_unlocked
textdomain
iscntrl
fclose
bindtextdomain
dcgettext
__ctype_get_mb_cur_max
strlen
__lxstat
__stack_chk_fail
getopt_long
mbrtowc
strchr
rewind
isalnum
isblank
pclose
__overflow
strrchr
fgetfilecon
mkostemp
__assert_fail
memset
fscanf
__fwriting
close
ispunct
isspace
memchr
__libc_start_main
memcmp
fputs_unlocked
calloc
lgetfilecon
strcmp
ftell
__gmon_start__
umask
strtol
memcpy
getfilecon
fileno
setfscreatecon
re_set_syntax
malloc
wcrtomb
nl_langinfo
ungetc
__fxstat
re_search
fwrite_unlocked
realloc
isalpha
isupper
fdopen
setlocale
__printf_chk
fchmod
setvbuf
isprint
chmod
btowc
memmove
error
memrchr
open
popen
fchown
fopen
dcngettext
_Jv_RegisterClasses
towlower
wctob
rename
towupper
__cxa_atexit
freecon
exit
isxdigit
fwrite
__fprintf_chk
_ITM_registerTMCloneTable
re_compile_pattern
fflush_unlocked
getfscreatecon
mbsinit
strerror
iswprint
GLIBC_2.2.5
isgraph
getdelim
strstr
__ctype_b_loc
__sprintf_chk
getenv
__snprintf_chk
free
putchar
strcasecmp
__errno_location
strncpy
strncmp
_ITM_deregisterTMCloneTable
strcpy
writev
puts
fcntl
clock
fclose
opendir
strlen
__stack_chk_fail
getuid
strchr
__fdelt_chk
strrchr
uname
gettimeofday
__assert_fail
memset
geteuid
strncat
close
strspn
closedir
__strdup
read
memcmp
fgets
calloc
strcmp
__memcpy_chk
__gmon_start__
strtol
memcpy
time
__stpcpy_chk
getgid
select
readdir
dlopen
malloc
strncasecmp
getegid
dlclose
realloc
__strcpy_chk
__printf_chk
__syslog_chk
open
fopen
_Jv_RegisterClasses
jrand48
strcat
gethostname
connect
__strncat_chk
_ITM_registerTMCloneTable
getaddrinfo
strerror
dlsym
GLIBC_2.2.5
dlerror
__ctype_tolower_loc
__ctype_b_loc
freeaddrinfo
__sprintf_chk
socket
